{"/Users/jun.shi/.claude/mcp/primereact/generate-data.mjs": {"path":"/Users/jun.shi/.claude/mcp/primereact/generate-data.mjs","all":false,"statementMap":{"0":{"start":{"line":1,"column":0},"end":{"line":1,"column":19}},"1":{"start":{"line":2,"column":0},"end":{"line":2,"column":3}},"2":{"start":{"line":3,"column":0},"end":{"line":3,"column":73}},"3":{"start":{"line":4,"column":0},"end":{"line":4,"column":67}},"4":{"start":{"line":5,"column":0},"end":{"line":5,"column":35}},"5":{"start":{"line":6,"column":0},"end":{"line":6,"column":3}},"6":{"start":{"line":7,"column":0},"end":{"line":7,"column":67}},"7":{"start":{"line":8,"column":0},"end":{"line":8,"column":37}},"8":{"start":{"line":9,"column":0},"end":{"line":9,"column":36}},"9":{"start":{"line":10,"column":0},"end":{"line":10,"column":39}},"11":{"start":{"line":12,"column":0},"end":{"line":12,"column":58}},"13":{"start":{"line":14,"column":0},"end":{"line":14,"column":81}},"14":{"start":{"line":15,"column":0},"end":{"line":15,"column":36}},"15":{"start":{"line":16,"column":0},"end":{"line":16,"column":24}},"16":{"start":{"line":17,"column":0},"end":{"line":17,"column":51}},"17":{"start":{"line":18,"column":0},"end":{"line":18,"column":41}},"18":{"start":{"line":19,"column":0},"end":{"line":19,"column":44}},"19":{"start":{"line":20,"column":0},"end":{"line":20,"column":6}},"20":{"start":{"line":21,"column":0},"end":{"line":21,"column":35}},"21":{"start":{"line":22,"column":0},"end":{"line":22,"column":32}},"22":{"start":{"line":23,"column":0},"end":{"line":23,"column":59}},"23":{"start":{"line":24,"column":0},"end":{"line":24,"column":51}},"24":{"start":{"line":25,"column":0},"end":{"line":25,"column":9}},"25":{"start":{"line":26,"column":0},"end":{"line":26,"column":5}},"26":{"start":{"line":27,"column":0},"end":{"line":27,"column":40}},"27":{"start":{"line":28,"column":0},"end":{"line":28,"column":9}},"28":{"start":{"line":29,"column":0},"end":{"line":29,"column":51}},"29":{"start":{"line":30,"column":0},"end":{"line":30,"column":63}},"30":{"start":{"line":31,"column":0},"end":{"line":31,"column":45}},"31":{"start":{"line":32,"column":0},"end":{"line":32,"column":36}},"33":{"start":{"line":34,"column":0},"end":{"line":34,"column":41}},"34":{"start":{"line":35,"column":0},"end":{"line":35,"column":13}},"35":{"start":{"line":36,"column":0},"end":{"line":36,"column":58}},"36":{"start":{"line":37,"column":0},"end":{"line":37,"column":29}},"37":{"start":{"line":38,"column":0},"end":{"line":38,"column":34}},"38":{"start":{"line":39,"column":0},"end":{"line":39,"column":5}},"39":{"start":{"line":40,"column":0},"end":{"line":40,"column":20}},"40":{"start":{"line":41,"column":0},"end":{"line":41,"column":80}},"41":{"start":{"line":42,"column":0},"end":{"line":42,"column":6}},"42":{"start":{"line":43,"column":0},"end":{"line":43,"column":1}},"44":{"start":{"line":45,"column":0},"end":{"line":45,"column":31}},"45":{"start":{"line":46,"column":0},"end":{"line":46,"column":50}},"46":{"start":{"line":47,"column":0},"end":{"line":47,"column":1}},"48":{"start":{"line":49,"column":0},"end":{"line":49,"column":74}},"49":{"start":{"line":50,"column":0},"end":{"line":50,"column":51}},"50":{"start":{"line":51,"column":0},"end":{"line":51,"column":57}},"51":{"start":{"line":52,"column":0},"end":{"line":52,"column":26}},"52":{"start":{"line":53,"column":0},"end":{"line":53,"column":19}},"53":{"start":{"line":54,"column":0},"end":{"line":54,"column":20}},"54":{"start":{"line":55,"column":0},"end":{"line":55,"column":52}},"55":{"start":{"line":56,"column":0},"end":{"line":56,"column":79}},"56":{"start":{"line":57,"column":0},"end":{"line":57,"column":18}},"57":{"start":{"line":58,"column":0},"end":{"line":58,"column":16}},"58":{"start":{"line":59,"column":0},"end":{"line":59,"column":1}},"60":{"start":{"line":61,"column":0},"end":{"line":61,"column":56}},"61":{"start":{"line":62,"column":0},"end":{"line":62,"column":62}},"62":{"start":{"line":63,"column":0},"end":{"line":63,"column":62}},"63":{"start":{"line":64,"column":0},"end":{"line":64,"column":32}},"65":{"start":{"line":66,"column":0},"end":{"line":66,"column":42}},"66":{"start":{"line":67,"column":0},"end":{"line":67,"column":34}},"68":{"start":{"line":69,"column":0},"end":{"line":69,"column":18}},"69":{"start":{"line":70,"column":0},"end":{"line":70,"column":20}},"70":{"start":{"line":71,"column":0},"end":{"line":71,"column":50}},"71":{"start":{"line":72,"column":0},"end":{"line":72,"column":40}},"72":{"start":{"line":73,"column":0},"end":{"line":73,"column":38}},"73":{"start":{"line":74,"column":0},"end":{"line":74,"column":20}},"74":{"start":{"line":75,"column":0},"end":{"line":75,"column":48}},"75":{"start":{"line":76,"column":0},"end":{"line":76,"column":9}},"76":{"start":{"line":77,"column":0},"end":{"line":77,"column":5}},"77":{"start":{"line":78,"column":0},"end":{"line":78,"column":41}},"78":{"start":{"line":79,"column":0},"end":{"line":79,"column":1}},"80":{"start":{"line":81,"column":0},"end":{"line":81,"column":44}},"81":{"start":{"line":82,"column":0},"end":{"line":82,"column":34}},"82":{"start":{"line":83,"column":0},"end":{"line":83,"column":21}},"83":{"start":{"line":84,"column":0},"end":{"line":84,"column":35}},"84":{"start":{"line":85,"column":0},"end":{"line":85,"column":24}},"85":{"start":{"line":86,"column":0},"end":{"line":86,"column":24}},"87":{"start":{"line":88,"column":0},"end":{"line":88,"column":31}},"88":{"start":{"line":89,"column":0},"end":{"line":89,"column":36}},"90":{"start":{"line":91,"column":0},"end":{"line":91,"column":40}},"91":{"start":{"line":92,"column":0},"end":{"line":92,"column":27}},"92":{"start":{"line":93,"column":0},"end":{"line":93,"column":28}},"93":{"start":{"line":94,"column":0},"end":{"line":94,"column":21}},"94":{"start":{"line":95,"column":0},"end":{"line":95,"column":9}},"95":{"start":{"line":96,"column":0},"end":{"line":96,"column":22}},"96":{"start":{"line":97,"column":0},"end":{"line":97,"column":35}},"97":{"start":{"line":98,"column":0},"end":{"line":98,"column":32}},"98":{"start":{"line":99,"column":0},"end":{"line":99,"column":25}},"99":{"start":{"line":100,"column":0},"end":{"line":100,"column":13}},"100":{"start":{"line":101,"column":0},"end":{"line":101,"column":62}},"101":{"start":{"line":102,"column":0},"end":{"line":102,"column":69}},"102":{"start":{"line":103,"column":0},"end":{"line":103,"column":21}},"103":{"start":{"line":104,"column":0},"end":{"line":104,"column":9}},"105":{"start":{"line":106,"column":0},"end":{"line":106,"column":68}},"106":{"start":{"line":107,"column":0},"end":{"line":107,"column":68}},"107":{"start":{"line":108,"column":0},"end":{"line":108,"column":81}},"108":{"start":{"line":109,"column":0},"end":{"line":109,"column":48}},"109":{"start":{"line":110,"column":0},"end":{"line":110,"column":33}},"110":{"start":{"line":111,"column":0},"end":{"line":111,"column":67}},"112":{"start":{"line":113,"column":0},"end":{"line":113,"column":83}},"113":{"start":{"line":114,"column":0},"end":{"line":114,"column":74}},"114":{"start":{"line":115,"column":0},"end":{"line":115,"column":73}},"116":{"start":{"line":117,"column":0},"end":{"line":117,"column":61}},"117":{"start":{"line":118,"column":0},"end":{"line":118,"column":28}},"118":{"start":{"line":119,"column":0},"end":{"line":119,"column":16}},"119":{"start":{"line":120,"column":0},"end":{"line":120,"column":28}},"120":{"start":{"line":121,"column":0},"end":{"line":121,"column":9}},"121":{"start":{"line":122,"column":0},"end":{"line":122,"column":5}},"122":{"start":{"line":123,"column":0},"end":{"line":123,"column":17}},"123":{"start":{"line":124,"column":0},"end":{"line":124,"column":1}},"125":{"start":{"line":126,"column":0},"end":{"line":126,"column":72}},"126":{"start":{"line":127,"column":0},"end":{"line":127,"column":101}},"127":{"start":{"line":128,"column":0},"end":{"line":128,"column":80}},"129":{"start":{"line":130,"column":0},"end":{"line":130,"column":12}},"130":{"start":{"line":131,"column":0},"end":{"line":131,"column":9}},"131":{"start":{"line":132,"column":0},"end":{"line":132,"column":25}},"132":{"start":{"line":133,"column":0},"end":{"line":133,"column":28}},"133":{"start":{"line":134,"column":0},"end":{"line":134,"column":94}},"134":{"start":{"line":135,"column":0},"end":{"line":135,"column":41}},"135":{"start":{"line":136,"column":0},"end":{"line":136,"column":10}},"136":{"start":{"line":137,"column":0},"end":{"line":137,"column":9}},"137":{"start":{"line":138,"column":0},"end":{"line":138,"column":24}},"138":{"start":{"line":139,"column":0},"end":{"line":139,"column":27}},"139":{"start":{"line":140,"column":0},"end":{"line":140,"column":86}},"140":{"start":{"line":141,"column":0},"end":{"line":141,"column":43}},"141":{"start":{"line":142,"column":0},"end":{"line":142,"column":10}},"142":{"start":{"line":143,"column":0},"end":{"line":143,"column":38}},"143":{"start":{"line":144,"column":0},"end":{"line":144,"column":25}},"144":{"start":{"line":145,"column":0},"end":{"line":145,"column":28}},"145":{"start":{"line":146,"column":0},"end":{"line":146,"column":129}},"146":{"start":{"line":147,"column":0},"end":{"line":147,"column":26}},"147":{"start":{"line":148,"column":0},"end":{"line":148,"column":16}},"148":{"start":{"line":149,"column":0},"end":{"line":149,"column":6}},"149":{"start":{"line":150,"column":0},"end":{"line":150,"column":1}},"151":{"start":{"line":152,"column":0},"end":{"line":152,"column":50}},"152":{"start":{"line":153,"column":0},"end":{"line":153,"column":33}},"153":{"start":{"line":154,"column":0},"end":{"line":154,"column":54}},"154":{"start":{"line":155,"column":0},"end":{"line":155,"column":29}},"155":{"start":{"line":156,"column":0},"end":{"line":156,"column":83}},"156":{"start":{"line":157,"column":0},"end":{"line":157,"column":20}},"157":{"start":{"line":158,"column":0},"end":{"line":158,"column":19}},"158":{"start":{"line":159,"column":0},"end":{"line":159,"column":63}},"159":{"start":{"line":160,"column":0},"end":{"line":160,"column":79}},"160":{"start":{"line":161,"column":0},"end":{"line":161,"column":39}},"161":{"start":{"line":162,"column":0},"end":{"line":162,"column":10}},"162":{"start":{"line":163,"column":0},"end":{"line":163,"column":24}},"163":{"start":{"line":164,"column":0},"end":{"line":164,"column":62}},"164":{"start":{"line":165,"column":0},"end":{"line":165,"column":1}},"166":{"start":{"line":167,"column":0},"end":{"line":167,"column":61}},"167":{"start":{"line":168,"column":0},"end":{"line":168,"column":62}},"168":{"start":{"line":169,"column":0},"end":{"line":169,"column":9}},"169":{"start":{"line":170,"column":0},"end":{"line":170,"column":30}},"170":{"start":{"line":171,"column":0},"end":{"line":171,"column":13}},"171":{"start":{"line":172,"column":0},"end":{"line":172,"column":20}},"172":{"start":{"line":173,"column":0},"end":{"line":173,"column":5}},"174":{"start":{"line":175,"column":0},"end":{"line":175,"column":53}},"175":{"start":{"line":176,"column":0},"end":{"line":176,"column":58}},"176":{"start":{"line":177,"column":0},"end":{"line":177,"column":67}},"178":{"start":{"line":179,"column":0},"end":{"line":179,"column":81}},"179":{"start":{"line":180,"column":0},"end":{"line":180,"column":51}},"180":{"start":{"line":181,"column":0},"end":{"line":181,"column":58}},"181":{"start":{"line":182,"column":0},"end":{"line":182,"column":16}},"182":{"start":{"line":183,"column":0},"end":{"line":183,"column":67}},"183":{"start":{"line":184,"column":0},"end":{"line":184,"column":66}},"184":{"start":{"line":185,"column":0},"end":{"line":185,"column":5}},"186":{"start":{"line":187,"column":0},"end":{"line":187,"column":50}},"187":{"start":{"line":188,"column":0},"end":{"line":188,"column":58}},"188":{"start":{"line":189,"column":0},"end":{"line":189,"column":55}},"190":{"start":{"line":191,"column":0},"end":{"line":191,"column":12}},"191":{"start":{"line":192,"column":0},"end":{"line":192,"column":13}},"192":{"start":{"line":193,"column":0},"end":{"line":193,"column":53}},"193":{"start":{"line":194,"column":0},"end":{"line":194,"column":20}},"194":{"start":{"line":195,"column":0},"end":{"line":195,"column":64}},"195":{"start":{"line":196,"column":0},"end":{"line":196,"column":14}},"196":{"start":{"line":197,"column":0},"end":{"line":197,"column":100}},"197":{"start":{"line":198,"column":0},"end":{"line":198,"column":98}},"198":{"start":{"line":199,"column":0},"end":{"line":199,"column":24}},"199":{"start":{"line":200,"column":0},"end":{"line":200,"column":21}},"200":{"start":{"line":201,"column":0},"end":{"line":201,"column":25}},"201":{"start":{"line":202,"column":0},"end":{"line":202,"column":24}},"202":{"start":{"line":203,"column":0},"end":{"line":203,"column":9}},"203":{"start":{"line":204,"column":0},"end":{"line":204,"column":6}},"204":{"start":{"line":205,"column":0},"end":{"line":205,"column":1}},"206":{"start":{"line":207,"column":0},"end":{"line":207,"column":23}},"207":{"start":{"line":208,"column":0},"end":{"line":208,"column":52}},"208":{"start":{"line":209,"column":0},"end":{"line":209,"column":61}},"209":{"start":{"line":210,"column":0},"end":{"line":210,"column":55}},"211":{"start":{"line":212,"column":0},"end":{"line":212,"column":49}},"212":{"start":{"line":213,"column":0},"end":{"line":213,"column":26}},"213":{"start":{"line":214,"column":0},"end":{"line":214,"column":20}},"215":{"start":{"line":216,"column":0},"end":{"line":216,"column":34}},"216":{"start":{"line":217,"column":0},"end":{"line":217,"column":35}},"217":{"start":{"line":218,"column":0},"end":{"line":218,"column":122}},"218":{"start":{"line":219,"column":0},"end":{"line":219,"column":71}},"219":{"start":{"line":220,"column":0},"end":{"line":220,"column":24}},"220":{"start":{"line":221,"column":0},"end":{"line":221,"column":39}},"221":{"start":{"line":222,"column":0},"end":{"line":222,"column":16}},"222":{"start":{"line":223,"column":0},"end":{"line":223,"column":22}},"223":{"start":{"line":224,"column":0},"end":{"line":224,"column":9}},"224":{"start":{"line":225,"column":0},"end":{"line":225,"column":5}},"226":{"start":{"line":227,"column":0},"end":{"line":227,"column":80}},"227":{"start":{"line":228,"column":0},"end":{"line":228,"column":93}},"229":{"start":{"line":230,"column":0},"end":{"line":230,"column":18}},"230":{"start":{"line":231,"column":0},"end":{"line":231,"column":33}},"231":{"start":{"line":232,"column":0},"end":{"line":232,"column":60}},"232":{"start":{"line":233,"column":0},"end":{"line":233,"column":19}},"233":{"start":{"line":234,"column":0},"end":{"line":234,"column":17}},"234":{"start":{"line":235,"column":0},"end":{"line":235,"column":6}},"236":{"start":{"line":237,"column":0},"end":{"line":237,"column":60}},"237":{"start":{"line":238,"column":0},"end":{"line":238,"column":69}},"238":{"start":{"line":239,"column":0},"end":{"line":239,"column":102}},"239":{"start":{"line":240,"column":0},"end":{"line":240,"column":1}},"241":{"start":{"line":242,"column":0},"end":{"line":242,"column":57}},"242":{"start":{"line":243,"column":0},"end":{"line":243,"column":62}},"243":{"start":{"line":244,"column":0},"end":{"line":244,"column":1}}},"s":{"0":1,"1":1,"2":1,"3":1,"4":1,"5":1,"6":1,"7":1,"8":1,"9":1,"11":1,"13":1,"14":0,"15":0,"16":0,"17":0,"18":0,"19":0,"20":0,"21":0,"22":0,"23":0,"24":0,"25":0,"26":0,"27":0,"28":0,"29":0,"30":0,"31":0,"33":0,"34":0,"35":0,"36":0,"37":0,"38":0,"39":0,"40":0,"41":0,"42":0,"44":1,"45":113,"46":113,"48":1,"49":1,"50":19,"51":19,"52":16,"53":16,"54":16,"55":16,"56":16,"57":16,"58":16,"60":1,"61":1,"62":16,"63":16,"65":14,"66":16,"68":13,"69":13,"70":16,"71":5267,"72":5249,"73":18,"74":18,"75":18,"76":5267,"77":13,"78":13,"80":1,"81":1,"82":23,"83":23,"84":23,"85":23,"87":23,"88":265,"90":265,"91":56,"92":56,"93":56,"94":56,"95":265,"96":116,"97":56,"98":56,"99":56,"100":60,"101":116,"102":60,"103":60,"105":93,"106":93,"107":265,"108":69,"109":69,"110":69,"112":69,"113":69,"114":69,"116":69,"117":69,"118":265,"119":24,"120":24,"121":265,"122":23,"123":23,"125":1,"126":18,"127":18,"129":18,"130":18,"131":18,"132":18,"133":18,"134":18,"135":18,"136":18,"137":18,"138":18,"139":18,"140":18,"141":18,"142":18,"143":8,"144":8,"145":8,"146":8,"147":18,"148":18,"149":18,"151":1,"152":27,"153":27,"154":19,"155":19,"156":19,"157":19,"158":27,"159":23,"160":1,"161":19,"162":19,"163":27,"164":27,"166":1,"167":11,"168":11,"169":11,"170":11,"171":1,"172":1,"174":10,"175":10,"176":11,"178":9,"179":9,"180":9,"181":11,"182":1,"183":1,"184":1,"186":11,"187":11,"188":11,"190":11,"191":11,"192":11,"193":11,"194":11,"195":11,"196":11,"197":11,"198":11,"199":11,"200":11,"201":11,"202":11,"203":11,"204":11,"206":0,"207":0,"208":0,"209":0,"211":0,"212":0,"213":0,"215":0,"216":0,"217":0,"218":0,"219":0,"220":0,"221":0,"222":0,"223":0,"224":0,"226":0,"227":0,"229":0,"230":0,"231":0,"232":0,"233":0,"234":0,"236":0,"237":0,"238":0,"239":0,"241":1,"242":0,"243":0},"branchMap":{"0":{"type":"branch","line":242,"loc":{"start":{"line":242,"column":56},"end":{"line":244,"column":1}},"locations":[{"start":{"line":242,"column":56},"end":{"line":244,"column":1}}]},"1":{"type":"branch","line":45,"loc":{"start":{"line":45,"column":7},"end":{"line":47,"column":1}},"locations":[{"start":{"line":45,"column":7},"end":{"line":47,"column":1}}]},"2":{"type":"branch","line":50,"loc":{"start":{"line":50,"column":7},"end":{"line":59,"column":1}},"locations":[{"start":{"line":50,"column":7},"end":{"line":59,"column":1}}]},"3":{"type":"branch","line":52,"loc":{"start":{"line":52,"column":16},"end":{"line":52,"column":26}},"locations":[{"start":{"line":52,"column":16},"end":{"line":52,"column":26}}]},"4":{"type":"branch","line":52,"loc":{"start":{"line":52,"column":25},"end":{"line":59,"column":1}},"locations":[{"start":{"line":52,"column":25},"end":{"line":59,"column":1}}]},"5":{"type":"branch","line":55,"loc":{"start":{"line":55,"column":13},"end":{"line":55,"column":51}},"locations":[{"start":{"line":55,"column":13},"end":{"line":55,"column":51}}]},"6":{"type":"branch","line":56,"loc":{"start":{"line":56,"column":16},"end":{"line":56,"column":78}},"locations":[{"start":{"line":56,"column":16},"end":{"line":56,"column":78}}]},"7":{"type":"branch","line":56,"loc":{"start":{"line":56,"column":23},"end":{"line":56,"column":44}},"locations":[{"start":{"line":56,"column":23},"end":{"line":56,"column":44}}]},"8":{"type":"branch","line":56,"loc":{"start":{"line":56,"column":45},"end":{"line":56,"column":66}},"locations":[{"start":{"line":56,"column":45},"end":{"line":56,"column":66}}]},"9":{"type":"branch","line":56,"loc":{"start":{"line":56,"column":67},"end":{"line":56,"column":78}},"locations":[{"start":{"line":56,"column":67},"end":{"line":56,"column":78}}]},"10":{"type":"branch","line":62,"loc":{"start":{"line":62,"column":7},"end":{"line":79,"column":1}},"locations":[{"start":{"line":62,"column":7},"end":{"line":79,"column":1}}]},"11":{"type":"branch","line":64,"loc":{"start":{"line":64,"column":20},"end":{"line":64,"column":32}},"locations":[{"start":{"line":64,"column":20},"end":{"line":64,"column":32}}]},"12":{"type":"branch","line":64,"loc":{"start":{"line":64,"column":31},"end":{"line":67,"column":22}},"locations":[{"start":{"line":64,"column":31},"end":{"line":67,"column":22}}]},"13":{"type":"branch","line":67,"loc":{"start":{"line":67,"column":22},"end":{"line":67,"column":34}},"locations":[{"start":{"line":67,"column":22},"end":{"line":67,"column":34}}]},"14":{"type":"branch","line":67,"loc":{"start":{"line":67,"column":33},"end":{"line":71,"column":49}},"locations":[{"start":{"line":67,"column":33},"end":{"line":71,"column":49}}]},"15":{"type":"branch","line":71,"loc":{"start":{"line":71,"column":49},"end":{"line":77,"column":5}},"locations":[{"start":{"line":71,"column":49},"end":{"line":77,"column":5}}]},"16":{"type":"branch","line":72,"loc":{"start":{"line":72,"column":32},"end":{"line":72,"column":40}},"locations":[{"start":{"line":72,"column":32},"end":{"line":72,"column":40}}]},"17":{"type":"branch","line":72,"loc":{"start":{"line":72,"column":39},"end":{"line":76,"column":9}},"locations":[{"start":{"line":72,"column":39},"end":{"line":76,"column":9}}]},"18":{"type":"branch","line":73,"loc":{"start":{"line":73,"column":37},"end":{"line":76,"column":9}},"locations":[{"start":{"line":73,"column":37},"end":{"line":76,"column":9}}]},"19":{"type":"branch","line":75,"loc":{"start":{"line":75,"column":29},"end":{"line":75,"column":48}},"locations":[{"start":{"line":75,"column":29},"end":{"line":75,"column":48}}]},"20":{"type":"branch","line":77,"loc":{"start":{"line":77,"column":4},"end":{"line":79,"column":1}},"locations":[{"start":{"line":77,"column":4},"end":{"line":79,"column":1}}]},"21":{"type":"branch","line":82,"loc":{"start":{"line":82,"column":7},"end":{"line":124,"column":1}},"locations":[{"start":{"line":82,"column":7},"end":{"line":124,"column":1}}]},"22":{"type":"branch","line":88,"loc":{"start":{"line":88,"column":30},"end":{"line":122,"column":5}},"locations":[{"start":{"line":88,"column":30},"end":{"line":122,"column":5}}]},"23":{"type":"branch","line":91,"loc":{"start":{"line":91,"column":39},"end":{"line":95,"column":9}},"locations":[{"start":{"line":91,"column":39},"end":{"line":95,"column":9}}]},"24":{"type":"branch","line":95,"loc":{"start":{"line":95,"column":8},"end":{"line":96,"column":21}},"locations":[{"start":{"line":95,"column":8},"end":{"line":96,"column":21}}]},"25":{"type":"branch","line":96,"loc":{"start":{"line":96,"column":21},"end":{"line":104,"column":9}},"locations":[{"start":{"line":96,"column":21},"end":{"line":104,"column":9}}]},"26":{"type":"branch","line":97,"loc":{"start":{"line":97,"column":34},"end":{"line":102,"column":45}},"locations":[{"start":{"line":97,"column":34},"end":{"line":102,"column":45}}]},"27":{"type":"branch","line":97,"loc":{"start":{"line":97,"column":34},"end":{"line":100,"column":13}},"locations":[{"start":{"line":97,"column":34},"end":{"line":100,"column":13}}]},"28":{"type":"branch","line":100,"loc":{"start":{"line":100,"column":12},"end":{"line":102,"column":45}},"locations":[{"start":{"line":100,"column":12},"end":{"line":102,"column":45}}]},"29":{"type":"branch","line":102,"loc":{"start":{"line":102,"column":47},"end":{"line":104,"column":9}},"locations":[{"start":{"line":102,"column":47},"end":{"line":104,"column":9}}]},"30":{"type":"branch","line":102,"loc":{"start":{"line":102,"column":47},"end":{"line":102,"column":69}},"locations":[{"start":{"line":102,"column":47},"end":{"line":102,"column":69}}]},"31":{"type":"branch","line":102,"loc":{"start":{"line":102,"column":68},"end":{"line":104,"column":9}},"locations":[{"start":{"line":102,"column":68},"end":{"line":104,"column":9}}]},"32":{"type":"branch","line":104,"loc":{"start":{"line":104,"column":8},"end":{"line":108,"column":22}},"locations":[{"start":{"line":104,"column":8},"end":{"line":108,"column":22}}]},"33":{"type":"branch","line":108,"loc":{"start":{"line":108,"column":22},"end":{"line":108,"column":50}},"locations":[{"start":{"line":108,"column":22},"end":{"line":108,"column":50}}]},"34":{"type":"branch","line":108,"loc":{"start":{"line":108,"column":51},"end":{"line":108,"column":78}},"locations":[{"start":{"line":108,"column":51},"end":{"line":108,"column":78}}]},"35":{"type":"branch","line":108,"loc":{"start":{"line":108,"column":80},"end":{"line":119,"column":9}},"locations":[{"start":{"line":108,"column":80},"end":{"line":119,"column":9}}]},"36":{"type":"branch","line":111,"loc":{"start":{"line":111,"column":37},"end":{"line":111,"column":67}},"locations":[{"start":{"line":111,"column":37},"end":{"line":111,"column":67}}]},"37":{"type":"branch","line":111,"loc":{"start":{"line":111,"column":66},"end":{"line":113,"column":60}},"locations":[{"start":{"line":111,"column":66},"end":{"line":113,"column":60}}]},"38":{"type":"branch","line":113,"loc":{"start":{"line":113,"column":60},"end":{"line":113,"column":82}},"locations":[{"start":{"line":113,"column":60},"end":{"line":113,"column":82}}]},"39":{"type":"branch","line":115,"loc":{"start":{"line":115,"column":50},"end":{"line":115,"column":72}},"locations":[{"start":{"line":115,"column":50},"end":{"line":115,"column":72}}]},"40":{"type":"branch","line":119,"loc":{"start":{"line":119,"column":9},"end":{"line":121,"column":9}},"locations":[{"start":{"line":119,"column":9},"end":{"line":121,"column":9}}]},"41":{"type":"branch","line":126,"loc":{"start":{"line":126,"column":7},"end":{"line":150,"column":1}},"locations":[{"start":{"line":126,"column":7},"end":{"line":150,"column":1}}]},"42":{"type":"branch","line":143,"loc":{"start":{"line":143,"column":34},"end":{"line":148,"column":10}},"locations":[{"start":{"line":143,"column":34},"end":{"line":148,"column":10}}]},"43":{"type":"branch","line":148,"loc":{"start":{"line":148,"column":11},"end":{"line":148,"column":15}},"locations":[{"start":{"line":148,"column":11},"end":{"line":148,"column":15}}]},"44":{"type":"branch","line":146,"loc":{"start":{"line":146,"column":102},"end":{"line":146,"column":113}},"locations":[{"start":{"line":146,"column":102},"end":{"line":146,"column":113}}]},"45":{"type":"branch","line":152,"loc":{"start":{"line":152,"column":7},"end":{"line":165,"column":1}},"locations":[{"start":{"line":152,"column":7},"end":{"line":165,"column":1}}]},"46":{"type":"branch","line":154,"loc":{"start":{"line":154,"column":34},"end":{"line":154,"column":54}},"locations":[{"start":{"line":154,"column":34},"end":{"line":154,"column":54}}]},"47":{"type":"branch","line":154,"loc":{"start":{"line":154,"column":53},"end":{"line":164,"column":46}},"locations":[{"start":{"line":154,"column":53},"end":{"line":164,"column":46}}]},"48":{"type":"branch","line":154,"loc":{"start":{"line":154,"column":53},"end":{"line":164,"column":17}},"locations":[{"start":{"line":154,"column":53},"end":{"line":164,"column":17}}]},"49":{"type":"branch","line":164,"loc":{"start":{"line":164,"column":17},"end":{"line":164,"column":46}},"locations":[{"start":{"line":164,"column":17},"end":{"line":164,"column":46}}]},"50":{"type":"branch","line":164,"loc":{"start":{"line":164,"column":47},"end":{"line":164,"column":61}},"locations":[{"start":{"line":164,"column":47},"end":{"line":164,"column":61}}]},"51":{"type":"branch","line":156,"loc":{"start":{"line":156,"column":16},"end":{"line":156,"column":82}},"locations":[{"start":{"line":156,"column":16},"end":{"line":156,"column":82}}]},"52":{"type":"branch","line":156,"loc":{"start":{"line":156,"column":58},"end":{"line":156,"column":81}},"locations":[{"start":{"line":156,"column":58},"end":{"line":156,"column":81}}]},"53":{"type":"branch","line":158,"loc":{"start":{"line":158,"column":13},"end":{"line":162,"column":9}},"locations":[{"start":{"line":158,"column":13},"end":{"line":162,"column":9}}]},"54":{"type":"branch","line":159,"loc":{"start":{"line":159,"column":44},"end":{"line":159,"column":63}},"locations":[{"start":{"line":159,"column":44},"end":{"line":159,"column":63}}]},"55":{"type":"branch","line":159,"loc":{"start":{"line":159,"column":62},"end":{"line":160,"column":79}},"locations":[{"start":{"line":159,"column":62},"end":{"line":160,"column":79}}]},"56":{"type":"branch","line":159,"loc":{"start":{"line":159,"column":62},"end":{"line":160,"column":43}},"locations":[{"start":{"line":159,"column":62},"end":{"line":160,"column":43}}]},"57":{"type":"branch","line":160,"loc":{"start":{"line":160,"column":43},"end":{"line":160,"column":79}},"locations":[{"start":{"line":160,"column":43},"end":{"line":160,"column":79}}]},"58":{"type":"branch","line":160,"loc":{"start":{"line":160,"column":78},"end":{"line":162,"column":8}},"locations":[{"start":{"line":160,"column":78},"end":{"line":162,"column":8}}]},"59":{"type":"branch","line":167,"loc":{"start":{"line":167,"column":7},"end":{"line":205,"column":1}},"locations":[{"start":{"line":167,"column":7},"end":{"line":205,"column":1}}]},"60":{"type":"branch","line":170,"loc":{"start":{"line":170,"column":29},"end":{"line":171,"column":6}},"locations":[{"start":{"line":170,"column":29},"end":{"line":171,"column":6}}]},"61":{"type":"branch","line":171,"loc":{"start":{"line":171,"column":6},"end":{"line":173,"column":5}},"locations":[{"start":{"line":171,"column":6},"end":{"line":173,"column":5}}]},"62":{"type":"branch","line":173,"loc":{"start":{"line":173,"column":4},"end":{"line":177,"column":22}},"locations":[{"start":{"line":173,"column":4},"end":{"line":177,"column":22}}]},"63":{"type":"branch","line":177,"loc":{"start":{"line":177,"column":22},"end":{"line":177,"column":34}},"locations":[{"start":{"line":177,"column":22},"end":{"line":177,"column":34}}]},"64":{"type":"branch","line":177,"loc":{"start":{"line":177,"column":34},"end":{"line":182,"column":15}},"locations":[{"start":{"line":177,"column":34},"end":{"line":182,"column":15}}]},"65":{"type":"branch","line":182,"loc":{"start":{"line":182,"column":15},"end":{"line":185,"column":5}},"locations":[{"start":{"line":182,"column":15},"end":{"line":185,"column":5}}]},"66":{"type":"branch","line":185,"loc":{"start":{"line":185,"column":4},"end":{"line":187,"column":44}},"locations":[{"start":{"line":185,"column":4},"end":{"line":187,"column":44}}]},"67":{"type":"branch","line":187,"loc":{"start":{"line":187,"column":45},"end":{"line":187,"column":49}},"locations":[{"start":{"line":187,"column":45},"end":{"line":187,"column":49}}]},"68":{"type":"branch","line":188,"loc":{"start":{"line":188,"column":41},"end":{"line":188,"column":56}},"locations":[{"start":{"line":188,"column":41},"end":{"line":188,"column":56}}]},"69":{"type":"branch","line":189,"loc":{"start":{"line":189,"column":39},"end":{"line":189,"column":53}},"locations":[{"start":{"line":189,"column":39},"end":{"line":189,"column":53}}]},"70":{"type":"branch","line":197,"loc":{"start":{"line":197,"column":36},"end":{"line":197,"column":98}},"locations":[{"start":{"line":197,"column":36},"end":{"line":197,"column":98}}]},"71":{"type":"branch","line":198,"loc":{"start":{"line":198,"column":34},"end":{"line":198,"column":96}},"locations":[{"start":{"line":198,"column":34},"end":{"line":198,"column":96}}]}},"b":{"0":[0],"1":[113],"2":[19],"3":[3],"4":[16],"5":[59],"6":[59],"7":[28],"8":[17],"9":[16],"10":[16],"11":[2],"12":[14],"13":[1],"14":[13],"15":[5267],"16":[18],"17":[5249],"18":[18],"19":[13],"20":[13],"21":[23],"22":[265],"23":[56],"24":[209],"25":[116],"26":[114],"27":[56],"28":[60],"29":[114],"30":[56],"31":[60],"32":[93],"33":[69],"34":[69],"35":[69],"36":[9],"37":[60],"38":[13],"39":[11],"40":[24],"41":[18],"42":[8],"43":[10],"44":[13],"45":[27],"46":[8],"47":[21],"48":[19],"49":[18],"50":[1],"51":[39],"52":[57],"53":[27],"54":[5],"55":[23],"56":[22],"57":[21],"58":[1],"59":[11],"60":[10],"61":[1],"62":[10],"63":[1],"64":[9],"65":[1],"66":[9],"67":[0],"68":[46],"69":[46],"70":[37],"71":[9]},"fnMap":{"0":{"name":"findPrimereactDir","decl":{"start":{"line":15,"column":0},"end":{"line":43,"column":1}},"loc":{"start":{"line":15,"column":0},"end":{"line":43,"column":1}},"line":15},"1":{"name":"capitalize","decl":{"start":{"line":45,"column":7},"end":{"line":47,"column":1}},"loc":{"start":{"line":45,"column":7},"end":{"line":47,"column":1}},"line":45},"2":{"name":"extractModuleDescription","decl":{"start":{"line":50,"column":7},"end":{"line":59,"column":1}},"loc":{"start":{"line":50,"column":7},"end":{"line":59,"column":1}},"line":50},"3":{"name":"extractInterfaceBody","decl":{"start":{"line":62,"column":7},"end":{"line":79,"column":1}},"loc":{"start":{"line":62,"column":7},"end":{"line":79,"column":1}},"line":62},"4":{"name":"parseProps","decl":{"start":{"line":82,"column":7},"end":{"line":124,"column":1}},"loc":{"start":{"line":82,"column":7},"end":{"line":124,"column":1}},"line":82},"5":{"name":"buildSections","decl":{"start":{"line":126,"column":7},"end":{"line":150,"column":1}},"loc":{"start":{"line":126,"column":7},"end":{"line":150,"column":1}},"line":126},"6":{"name":"buildBasicJsx","decl":{"start":{"line":152,"column":7},"end":{"line":165,"column":1}},"loc":{"start":{"line":152,"column":7},"end":{"line":165,"column":1}},"line":152},"7":{"name":"processComponent","decl":{"start":{"line":167,"column":7},"end":{"line":205,"column":1}},"loc":{"start":{"line":167,"column":7},"end":{"line":205,"column":1}},"line":167},"8":{"name":"main","decl":{"start":{"line":207,"column":0},"end":{"line":240,"column":1}},"loc":{"start":{"line":207,"column":0},"end":{"line":240,"column":1}},"line":207}},"f":{"0":0,"1":113,"2":19,"3":16,"4":23,"5":18,"6":27,"7":11,"8":0}}
}
